<?xml version="1.0" encoding="UTF-8"?>
<!-- Generated by org.testng.reporters.JUnitReportReporter -->
<testsuite skipped="0" hostname="DESKTOP-ATOQJFI" name="com.atmecs.konakart.tests.HomePage" tests="1" failures="0" timestamp="2020-12-28T09:12:19 PST" time="27.642" errors="1">
  <testcase name="searchProduct" time="27.642" classname="com.atmecs.konakart.tests.HomePage">
    <error type="org.openqa.selenium.ElementClickInterceptedException" message="element click intercepted: Element &lt;a id=&quot;search-button&quot; class=&quot;rounded-corners-right&quot;&gt;...&lt;/a&gt; is not clickable at point (1094, 171). Other element would receive the click: &lt;iframe name=&quot;f2d5dd538b4f8&quot; width=&quot;1000px&quot; height=&quot;1000px&quot; title=&quot;&quot; frameborder=&quot;0&quot; allowtransparency=&quot;true&quot; allowfullscreen=&quot;true&quot; scrolling=&quot;no&quot; allow=&quot;encrypted-media&quot; src=&quot;https://www.facebook.com/v6.0/plugins/customerchat.php?app_id=2006524262903520&amp;amp;channel=https%3A%2F%2Fstaticxx.facebook.com%2Fx%2Fconnect%2Fxd_arbiter%2F%3Fversion%3D46%23cb%3Df3c8c75a8fe0f2c%26domain%3Dwww.konakart.com%26origin%3Dhttps%253A%252F%252Fwww.konakart.com%252Ff2578a258dd5768%26relation%3Dparent.parent&amp;amp;container_width=0&amp;amp;locale=en_US&amp;amp;minimized=true&amp;amp;page_id=1328384363951576&amp;amp;request_time=1609175479699&amp;amp;sdk=joey&quot; style=&quot;padding: 0px; position: fixed; z-index: 2147483646; border-radius: 16px; top: auto; width: 399px; max-height: calc(100% - 80px); background: none; bottom: 85px; right: 4px; margin-right: 12px; height: 458px; visibility: visible;&quot; class=&quot;&quot; data-testid=&quot;dialog_iframe&quot;&gt;&lt;/iframe&gt;
  (Session info: chrome=87.0.4280.88)
Build info: version: &#039;3.141.59&#039;, revision: &#039;e82be7d358&#039;, time: &#039;2018-11-14T08:17:03&#039;
System info: host: &#039;DESKTOP-ATOQJFI&#039;, ip: &#039;192.168.43.118&#039;, os.name: &#039;Windows 10&#039;, os.arch: &#039;x86&#039;, os.version: &#039;10.0&#039;, java.version: &#039;1.8.0_211&#039;
Driver info: org.openqa.selenium.chrome.ChromeDriver
Capabilities {acceptInsecureCerts: false, browserName: chrome, browserVersion: 87.0.4280.88, chrome: {chromedriverVersion: 87.0.4280.88 (89e2380a3e36c..., userDataDir: C:\Users\admin\AppData\Loca...}, goog:chromeOptions: {debuggerAddress: localhost:50537}, javascriptEnabled: true, networkConnectionEnabled: false, pageLoadStrategy: normal, platform: WINDOWS, platformName: WINDOWS, proxy: Proxy(), setWindowRect: true, strictFileInteractability: false, timeouts: {implicit: 0, pageLoad: 300000, script: 30000}, unhandledPromptBehavior: dismiss and notify, webauthn:virtualAuthenticators: true}
Session ID: 3a00463be4775d60527c246e76e1e3a6">
      <![CDATA[org.openqa.selenium.ElementClickInterceptedException: element click intercepted: Element <a id="search-button" class="rounded-corners-right">...</a> is not clickable at point (1094, 171). Other element would receive the click: <iframe name="f2d5dd538b4f8" width="1000px" height="1000px" title="" frameborder="0" allowtransparency="true" allowfullscreen="true" scrolling="no" allow="encrypted-media" src="https://www.facebook.com/v6.0/plugins/customerchat.php?app_id=2006524262903520&amp;channel=https%3A%2F%2Fstaticxx.facebook.com%2Fx%2Fconnect%2Fxd_arbiter%2F%3Fversion%3D46%23cb%3Df3c8c75a8fe0f2c%26domain%3Dwww.konakart.com%26origin%3Dhttps%253A%252F%252Fwww.konakart.com%252Ff2578a258dd5768%26relation%3Dparent.parent&amp;container_width=0&amp;locale=en_US&amp;minimized=true&amp;page_id=1328384363951576&amp;request_time=1609175479699&amp;sdk=joey" style="padding: 0px; position: fixed; z-index: 2147483646; border-radius: 16px; top: auto; width: 399px; max-height: calc(100% - 80px); background: none; bottom: 85px; right: 4px; margin-right: 12px; height: 458px; visibility: visible;" class="" data-testid="dialog_iframe"></iframe>
  (Session info: chrome=87.0.4280.88)
Build info: version: '3.141.59', revision: 'e82be7d358', time: '2018-11-14T08:17:03'
System info: host: 'DESKTOP-ATOQJFI', ip: '192.168.43.118', os.name: 'Windows 10', os.arch: 'x86', os.version: '10.0', java.version: '1.8.0_211'
Driver info: org.openqa.selenium.chrome.ChromeDriver
Capabilities {acceptInsecureCerts: false, browserName: chrome, browserVersion: 87.0.4280.88, chrome: {chromedriverVersion: 87.0.4280.88 (89e2380a3e36c..., userDataDir: C:\Users\admin\AppData\Loca...}, goog:chromeOptions: {debuggerAddress: localhost:50537}, javascriptEnabled: true, networkConnectionEnabled: false, pageLoadStrategy: normal, platform: WINDOWS, platformName: WINDOWS, proxy: Proxy(), setWindowRect: true, strictFileInteractability: false, timeouts: {implicit: 0, pageLoad: 300000, script: 30000}, unhandledPromptBehavior: dismiss and notify, webauthn:virtualAuthenticators: true}
Session ID: 3a00463be4775d60527c246e76e1e3a6
at sun.reflect.NativeConstructorAccessorImpl.newInstance0(Native Method)
at sun.reflect.NativeConstructorAccessorImpl.newInstance(NativeConstructorAccessorImpl.java:62)
at sun.reflect.DelegatingConstructorAccessorImpl.newInstance(DelegatingConstructorAccessorImpl.java:45)
at java.lang.reflect.Constructor.newInstance(Constructor.java:423)
at org.openqa.selenium.remote.http.W3CHttpResponseCodec.createException(W3CHttpResponseCodec.java:187)
at org.openqa.selenium.remote.http.W3CHttpResponseCodec.decode(W3CHttpResponseCodec.java:122)
at org.openqa.selenium.remote.http.W3CHttpResponseCodec.decode(W3CHttpResponseCodec.java:49)
at org.openqa.selenium.remote.HttpCommandExecutor.execute(HttpCommandExecutor.java:158)
at org.openqa.selenium.remote.service.DriverCommandExecutor.execute(DriverCommandExecutor.java:83)
at org.openqa.selenium.remote.RemoteWebDriver.execute(RemoteWebDriver.java:552)
at org.openqa.selenium.remote.RemoteWebElement.execute(RemoteWebElement.java:285)
at org.openqa.selenium.remote.RemoteWebElement.click(RemoteWebElement.java:84)
at com.atmecs.konakart.helpers.CommonHelpers.clickElement(CommonHelpers.java:51)
at com.atmecs.konakart.pages.HomePageHelper.searchProduct(HomePageHelper.java:20)
at com.atmecs.konakart.tests.HomePage.searchProduct(HomePage.java:17)
at sun.reflect.NativeMethodAccessorImpl.invoke0(Native Method)
at sun.reflect.NativeMethodAccessorImpl.invoke(NativeMethodAccessorImpl.java:62)
at sun.reflect.DelegatingMethodAccessorImpl.invoke(DelegatingMethodAccessorImpl.java:43)
at java.lang.reflect.Method.invoke(Method.java:498)
at org.testng.internal.MethodInvocationHelper.invokeMethod(MethodInvocationHelper.java:132)
at org.testng.internal.TestInvoker.invokeMethod(TestInvoker.java:599)
at org.testng.internal.TestInvoker.invokeTestMethod(TestInvoker.java:174)
at org.testng.internal.MethodRunner.runInSequence(MethodRunner.java:46)
at org.testng.internal.TestInvoker$MethodInvocationAgent.invoke(TestInvoker.java:822)
at org.testng.internal.TestInvoker.invokeTestMethods(TestInvoker.java:147)
at org.testng.internal.TestMethodWorker.invokeTestMethods(TestMethodWorker.java:146)
at org.testng.internal.TestMethodWorker.run(TestMethodWorker.java:128)
at java.util.ArrayList.forEach(ArrayList.java:1257)
at org.testng.TestRunner.privateRun(TestRunner.java:764)
at org.testng.TestRunner.run(TestRunner.java:585)
at org.testng.SuiteRunner.runTest(SuiteRunner.java:384)
at org.testng.SuiteRunner.runSequentially(SuiteRunner.java:378)
at org.testng.SuiteRunner.privateRun(SuiteRunner.java:337)
at org.testng.SuiteRunner.run(SuiteRunner.java:286)
at org.testng.SuiteRunnerWorker.runSuite(SuiteRunnerWorker.java:53)
at org.testng.SuiteRunnerWorker.run(SuiteRunnerWorker.java:96)
at org.testng.TestNG.runSuitesSequentially(TestNG.java:1218)
at org.testng.TestNG.runSuitesLocally(TestNG.java:1140)
at org.testng.TestNG.runSuites(TestNG.java:1069)
at org.testng.TestNG.run(TestNG.java:1037)
at org.testng.remote.AbstractRemoteTestNG.run(AbstractRemoteTestNG.java:115)
at org.testng.remote.RemoteTestNG.initAndRun(RemoteTestNG.java:251)
at org.testng.remote.RemoteTestNG.main(RemoteTestNG.java:77)
]]>
    </error>
  </testcase> <!-- searchProduct -->
  <system-out/>
</testsuite> <!-- com.atmecs.konakart.tests.HomePage -->
